# JRE version: Java(TM) SE Runtime Environment (8.0_45-b14) (build 1.8.0_45-b14)
# Java VM: Java HotSpot(TM) 64-Bit Server VM (25.45-b02 mixed mode windows-amd64 compressed oops)
Heap:
 PSYoungGen      total 39936K, used 13380K [0x00000000d5800000, 0x00000000d8800000, 0x0000000100000000)
  eden space 31744K, 31% used [0x00000000d5800000,0x00000000d61cb1a0,0x00000000d7700000)
  from space 8192K, 40% used [0x00000000d7780000,0x00000000d7ac6050,0x00000000d7f80000)
  to   space 8704K, 0% used [0x00000000d7f80000,0x00000000d7f80000,0x00000000d8800000)
 ParOldGen       total 87552K, used 14493K [0x0000000080800000, 0x0000000085d80000, 0x00000000d5800000)
  object space 87552K, 16% used [0x0000000080800000,0x0000000081627480,0x0000000085d80000)
 Metaspace       used 13998K, capacity 14174K, committed 14336K, reserved 1062912K
  class space    used 1456K, capacity 1513K, committed 1536K, reserved 1048576K
GC Heap History (10 events):
Event: 8.636 GC heap before
{Heap before GC invocations=3 (full 0):
 PSYoungGen      total 38400K, used 38376K [0x00000000d5800000, 0x00000000d8280000, 0x0000000100000000)
  eden space 33280K, 100% used [0x00000000d5800000,0x00000000d7880000,0x00000000d7880000)
  from space 5120K, 99% used [0x00000000d7d80000,0x00000000d827a090,0x00000000d8280000)
  to   space 5120K, 0% used [0x00000000d7880000,0x00000000d7880000,0x00000000d7d80000)
 ParOldGen       total 87552K, used 3870K [0x0000000080800000, 0x0000000085d80000, 0x00000000d5800000)
  object space 87552K, 4% used [0x0000000080800000,0x0000000080bc7be8,0x0000000085d80000)
 Metaspace       used 13588K, capacity 13790K, committed 14080K, reserved 1062912K
  class space    used 1455K, capacity 1513K, committed 1536K, reserved 1048576K
Event: 8.643 GC heap after
Heap after GC invocations=3 (full 0):
 PSYoungGen      total 38400K, used 5096K [0x00000000d5800000, 0x00000000d8280000, 0x0000000100000000)
  eden space 33280K, 0% used [0x00000000d5800000,0x00000000d5800000,0x00000000d7880000)
  from space 5120K, 99% used [0x00000000d7880000,0x00000000d7d7a070,0x00000000d7d80000)
  to   space 5120K, 0% used [0x00000000d7d80000,0x00000000d7d80000,0x00000000d8280000)
 ParOldGen       total 87552K, used 6055K [0x0000000080800000, 0x0000000085d80000, 0x00000000d5800000)
  object space 87552K, 6% used [0x0000000080800000,0x0000000080de9e88,0x0000000085d80000)
 Metaspace       used 13588K, capacity 13790K, committed 14080K, reserved 1062912K
  class space    used 1455K, capacity 1513K, committed 1536K, reserved 1048576K
}
Event: 12.762 GC heap before
{Heap before GC invocations=4 (full 0):
 PSYoungGen      total 38400K, used 38376K [0x00000000d5800000, 0x00000000d8280000, 0x0000000100000000)
  eden space 33280K, 100% used [0x00000000d5800000,0x00000000d7880000,0x00000000d7880000)
  from space 5120K, 99% used [0x00000000d7880000,0x00000000d7d7a070,0x00000000d7d80000)
  to   space 5120K, 0% used [0x00000000d7d80000,0x00000000d7d80000,0x00000000d8280000)
 ParOldGen       total 87552K, used 6055K [0x0000000080800000, 0x0000000085d80000, 0x00000000d5800000)
  object space 87552K, 6% used [0x0000000080800000,0x0000000080de9e88,0x0000000085d80000)
 Metaspace       used 13678K, capacity 13854K, committed 14080K, reserved 1062912K
  class space    used 1455K, capacity 1513K, committed 1536K, reserved 1048576K
Event: 12.771 GC heap after
Heap after GC invocations=4 (full 0):
 PSYoungGen      total 38400K, used 5119K [0x00000000d5800000, 0x00000000d8280000, 0x0000000100000000)
  eden space 33280K, 0% used [0x00000000d5800000,0x00000000d5800000,0x00000000d7880000)
  from space 5120K, 99% used [0x00000000d7d80000,0x00000000d827fe60,0x00000000d8280000)
  to   space 5120K, 0% used [0x00000000d7880000,0x00000000d7880000,0x00000000d7d80000)
 ParOldGen       total 87552K, used 8256K [0x0000000080800000, 0x0000000085d80000, 0x00000000d5800000)
  object space 87552K, 9% used [0x0000000080800000,0x0000000081010188,0x0000000085d80000)
 Metaspace       used 13678K, capacity 13854K, committed 14080K, reserved 1062912K
  class space    used 1455K, capacity 1513K, committed 1536K, reserved 1048576K
}
Event: 17.515 GC heap before
{Heap before GC invocations=5 (full 0):
 PSYoungGen      total 38400K, used 38399K [0x00000000d5800000, 0x00000000d8280000, 0x0000000100000000)
  eden space 33280K, 100% used [0x00000000d5800000,0x00000000d7880000,0x00000000d7880000)
  from space 5120K, 99% used [0x00000000d7d80000,0x00000000d827fe60,0x00000000d8280000)
  to   space 5120K, 0% used [0x00000000d7880000,0x00000000d7880000,0x00000000d7d80000)
 ParOldGen       total 87552K, used 8256K [0x0000000080800000, 0x0000000085d80000, 0x00000000d5800000)
  object space 87552K, 9% used [0x0000000080800000,0x0000000081010188,0x0000000085d80000)
 Metaspace       used 13761K, capacity 13982K, committed 14080K, reserved 1062912K
  class space    used 1455K, capacity 1513K, committed 1536K, reserved 1048576K
Event: 17.521 GC heap after
Heap after GC invocations=5 (full 0):
 PSYoungGen      total 37888K, used 5103K [0x00000000d5800000, 0x00000000d8800000, 0x0000000100000000)
  eden space 32768K, 0% used [0x00000000d5800000,0x00000000d5800000,0x00000000d7800000)
  from space 5120K, 99% used [0x00000000d7880000,0x00000000d7d7be50,0x00000000d7d80000)
  to   space 8192K, 0% used [0x00000000d8000000,0x00000000d8000000,0x00000000d8800000)
 ParOldGen       total 87552K, used 10425K [0x0000000080800000, 0x0000000085d80000, 0x00000000d5800000)
  object space 87552K, 11% used [0x0000000080800000,0x000000008122e488,0x0000000085d80000)
 Metaspace       used 13761K, capacity 13982K, committed 14080K, reserved 1062912K
  class space    used 1455K, capacity 1513K, committed 1536K, reserved 1048576K
}
Event: 20.660 GC heap before
{Heap before GC invocations=6 (full 0):
 PSYoungGen      total 37888K, used 37871K [0x00000000d5800000, 0x00000000d8800000, 0x0000000100000000)
  eden space 32768K, 100% used [0x00000000d5800000,0x00000000d7800000,0x00000000d7800000)
  from space 5120K, 99% used [0x00000000d7880000,0x00000000d7d7be50,0x00000000d7d80000)
  to   space 8192K, 0% used [0x00000000d8000000,0x00000000d8000000,0x00000000d8800000)
 ParOldGen       total 87552K, used 10425K [0x0000000080800000, 0x0000000085d80000, 0x00000000d5800000)
  object space 87552K, 11% used [0x0000000080800000,0x000000008122e488,0x0000000085d80000)
 Metaspace       used 13829K, capacity 13982K, committed 14080K, reserved 1062912K
  class space    used 1455K, capacity 1513K, committed 1536K, reserved 1048576K
Event: 20.668 GC heap after
Heap after GC invocations=6 (full 0):
 PSYoungGen      total 39936K, used 7288K [0x00000000d5800000, 0x00000000d8780000, 0x0000000100000000)
  eden space 32256K, 0% used [0x00000000d5800000,0x00000000d5800000,0x00000000d7780000)
  from space 7680K, 94% used [0x00000000d8000000,0x00000000d871e0a0,0x00000000d8780000)
  to   space 8192K, 0% used [0x00000000d7780000,0x00000000d7780000,0x00000000d7f80000)
 ParOldGen       total 87552K, used 10433K [0x0000000080800000, 0x0000000085d80000, 0x00000000d5800000)
  object space 87552K, 11% used [0x0000000080800000,0x0000000081230488,0x0000000085d80000)
 Metaspace       used 13829K, capacity 13982K, committed 14080K, reserved 1062912K
  class space    used 1455K, capacity 1513K, committed 1536K, reserved 1048576K
}
Event: 24.245 GC heap before
{Heap before GC invocations=7 (full 0):
 PSYoungGen      total 39936K, used 39544K [0x00000000d5800000, 0x00000000d8780000, 0x0000000100000000)
  eden space 32256K, 100% used [0x00000000d5800000,0x00000000d7780000,0x00000000d7780000)
  from space 7680K, 94% used [0x00000000d8000000,0x00000000d871e0a0,0x00000000d8780000)
  to   space 8192K, 0% used [0x00000000d7780000,0x00000000d7780000,0x00000000d7f80000)
 ParOldGen       total 87552K, used 10433K [0x0000000080800000, 0x0000000085d80000, 0x00000000d5800000)
  object space 87552K, 11% used [0x0000000080800000,0x0000000081230488,0x0000000085d80000)
 Metaspace       used 13972K, capacity 14174K, committed 14336K, reserved 1062912K
  class space    used 1456K, capacity 1513K, committed 1536K, reserved 1048576K
Event: 24.319 GC heap after
Heap after GC invocations=7 (full 0):
 PSYoungGen      total 39936K, used 3352K [0x00000000d5800000, 0x00000000d8800000, 0x0000000100000000)
  eden space 31744K, 0% used [0x00000000d5800000,0x00000000d5800000,0x00000000d7700000)
  from space 8192K, 40% used [0x00000000d7780000,0x00000000d7ac6050,0x00000000d7f80000)
  to   space 8704K, 0% used [0x00000000d7f80000,0x00000000d7f80000,0x00000000d8800000)
 ParOldGen       total 87552K, used 14493K [0x0000000080800000, 0x0000000085d80000, 0x00000000d5800000)
  object space 87552K, 16% used [0x0000000080800000,0x0000000081627480,0x0000000085d80000)
 Metaspace       used 13972K, capacity 14174K, committed 14336K, reserved 1062912K
  class space    used 1456K, capacity 1513K, committed 1536K, reserved 1048576K
}

